<?xml version="1.0" encoding="UTF-8"?>
<!-- Generated by org.testng.reporters.JUnitXMLReporter -->
<testsuite hostname="bittechs-imac-4.lan" ignored="3" name="Default test" tests="1" failures="0" timestamp="08 Nov 2019 01:05:11 GMT" time="0.103" errors="0">
  <testcase name="test5" time="0.084" classname="com.bit.ui.test.SmokeTest"/>
  <testcase name="test2" time="0.0" classname="com.bit.ui.test.SmokeTest">
    <ignored/>
  </testcase> <!-- test2 -->
  <testcase name="test3" time="0.0" classname="com.bit.ui.test.SmokeTest">
    <ignored/>
  </testcase> <!-- test3 -->
  <testcase name="test1" time="0.0" classname="com.bit.ui.test.SmokeTest">
    <ignored/>
  </testcase> <!-- test1 -->
</testsuite> <!-- Default test -->
