<?xml version="1.0" encoding="UTF-8"?>
<testng-results skipped="0" failed="0" ignored="3" total="4" passed="1">
  <reporter-output>
  </reporter-output>
  <suite name="Default suite" duration-ms="103" started-at="2019-11-08T01:05:11Z" finished-at="2019-11-08T01:05:11Z">
    <groups>
    </groups>
    <test name="Default test" duration-ms="103" started-at="2019-11-08T01:05:11Z" finished-at="2019-11-08T01:05:11Z">
      <class name="com.bit.ui.test.SmokeTest">
        <test-method status="PASS" signature="test5()[pri:0, instance:com.bit.ui.test.SmokeTest@29ee9faa]" name="test5" duration-ms="84" started-at="2019-11-08T01:05:11Z" finished-at="2019-11-08T01:05:11Z">
          <reporter-output>
          </reporter-output>
        </test-method> <!-- test5 -->
      </class> <!-- com.bit.ui.test.SmokeTest -->
    </test> <!-- Default test -->
  </suite> <!-- Default suite -->
</testng-results>
